=================================================
FastCopy(ver5.11.3) start at 2026/06/30 22:17:50
<Source>  "G:\- Movies\"
<DestDir> F:\
<Command> Copy (Overwrite)
-------------------------------------------------
+ F:\- Movies\   <20260322-110744>
+ F:\- Movies\CineSubz.com - 118 (2019) Telugu - 720p - HDRip.mp4   <20250213-022923 1,234,661,783>
+ F:\- Movies\CineSubz.com - Ala Vaikunthapurramuloo (2020) NF Telugu 720p WEB DL..mp4   <20250316-052839 1,334,620,517>
+ F:\- Movies\CineSubz.com - Charlie [2015] -720p.mp4   <20250215-030736 1,310,368,300>
+ F:\- Movies\CineSubz.com - Cocktail 2012 Hindi 720p BRRip.mp4   <20241217-062651 1,533,830,811>
+ F:\- Movies\CineSubz.com - Comrade in America (2017) Malayalam 720p DVDRip.mp4   <20250213-020317 1,063,221,211>
+ F:\- Movies\CineSubz.com - MAHAAN (2022) Tamil (Org Vers) HQ HDRip-1080P.mp4   <20250509-144805 3,035,732,011>
+ F:\- Movies\CineSubz.com - Most Eligible Bachelor (2021) Telugu TRUE WEB-DL - 1080p.mp4   <20250316-054825 2,428,509,124>
+ F:\- Movies\CineSubz.com - Mr. Majnu (2019) Proper HDRip - 720p.mp4   <20250316-052231 1,541,834,343>
+ F:\- Movies\CineSubz.com - Premam.2015.BRRip.720p.x264.Malayalam.mp4   <20250307-004345 1,600,105,070>
+ F:\- Movies\CineSubz.com - Prometheus.2012.1080p.BrRip.mp4   <20250322-061819 1,761,552,831>
+ F:\- Movies\CineSubz.com - Theeni [Ninnila Ninnila] (2021) HDRip - 1080p - HEVC - [Tam  Tel  Hin  Kan  Mal] - ESub.mp4   <20250218-064812 1,266,023,376>
+ F:\- Movies\CineSubz.com - Vikramadithyan.2014.Malayalam.DVD-480P.mp4   <20250509-144836 734,065,567>
+ F:\- Movies\Dinosaurs (2023) Tamil WEB-DL 1080p.mp4   <20250319-062337 3,926,706,426>
+ F:\- Movies\Do Patti (2024) HINDI WEB-DL-[CineSubz.co]-1080p.mp4   <20250111-043626 2,996,269,724>
+ F:\- Movies\Hiccup.2018.BluRay-[CineSubz.co]-1080p.mp4   <20250316-063436 2,912,202,405>
+ F:\- Movies\Kali.2016.Malayalam.DVDRip-[CineSubz.com]-720p.mp4   <20250215-023832 956,332,494>
+ F:\- Movies\Malik (2021) Malayalam - 1080p HDRip - HEVC - x265.mkv   <20250308-005848 1,804,352,385>
+ F:\- Movies\Manamey (2024) Telugu WEB-DL-[CineSubz.co]-1080p.mp4   <20250316-064909 3,803,692,167>
+ F:\- Movies\Miruthan (2016) Tamil HDRip-[CineSubz.co]-720p.mp4   <20250213-022430 1,082,703,857>
+ F:\- Movies\Mura (2024) Malayalam WEB-DL-[CineSubz.co]-1080p.mp4   <20250115-062917 3,132,108,554>
+ F:\- Movies\Narayaneente Moonnanmakkal (2025)-CineSubz-1080p.mp4   <20250320-065549 2,769,980,415>
+ F:\- Movies\Operation.Undead.2024.Thai.WEBRip-[CineSubz.co]-1080p.mp4   <20250102-065125 2,734,193,453>
+ F:\- Movies\Parugu (2008) Telugu DVDRip 720p HEVC.mkv   <20241219-015103 1,031,100,286>
+ F:\- Movies\Santosh (2024) Hindi WEB-DL-[CineSubz.co]-1080p.mp4   <20250223-041803 3,012,466,758>
+ F:\- Movies\Sarkaru Vaari Paata (2022) Telugu Hdrip x265 10bit 1080p.mkv   <20250322-063958 2,589,014,833>
+ F:\- Movies\SILENCE (2021) Hindi WEB-DL-[CineSubz.co]-1080p.mp4   <20250223-044208 3,377,387,778>
+ F:\- Movies\Silence 2 (2024) Hindi WEB-DL-[CineSubz.co]-1080p.mp4   <20250223-044118 3,519,554,551>
+ F:\- Movies\Sookshmadarshini (2024) Malayalam WEB-DL-[CineSubz.co]-1080p.mp4   <20250216-030631 3,514,901,083>
+ F:\- Movies\Sorgavasal (2024) Tamil HC-HDRip-[CineSubz.co]-1080p.mp4   <20250219-180629 3,400,433,814>
ReadFile(The request failed due to a fatal device hardware error.483) : G:\- Movies\Thandel (2025) Telugu WEB-DL-[CineSubz.co]-1080p.mp4
+ F:\- Movies\The.Da.Vinci.Code (2006) DVDRip-[CineSubz.co]-720p.mp4   <20250213-014112 866,519,184>
+ F:\- Movies\The.Prosecutor.2024.1080p.BluRay-[CineSubz.co]-1080p.mp4   <20250423-072718 2,898,841,305>
+ F:\- Movies\Vaashi (2022) Malayalam WEBDL-[CineSubz.com]-1080p.mp4   <20250126-024459 1,827,115,709>
+ F:\- Movies\VickyVidyaKaWohWala.WEB-DL-[CineSubz.co]-1080p.mp4   <20250126-141056 3,579,981,288>
ReadFile(The request failed due to a fatal device hardware error.483) : G:\- Movies\War.of.the.Worlds.2005.BluRay-[CineSubz.com]-1080P.mp4
+ F:\- Movies\ZOMBIE.REDDY.(2021).Telugu.HDRip-[CineSubz.com]-720P.mp4   <20250213-023020 1,371,269,050>
+ F:\- Movies\- Star Wars\   <20250117-101528>
+ F:\- Movies\- Star Wars\1.Star.Wars.Episode.4.A.New.Hope.1977.Bluray-[CineSubz.co]-1080p.mp4   <20240712-032802 1,935,468,524>
+ F:\- Movies\- Star Wars\10.Star.Wars.Episode.7.The.Force.Awakens.2015.Bluray-[CineSubz.co]-1080p.mp4   <20240711-045432 2,330,150,221>
+ F:\- Movies\- Star Wars\11.Rogue.One.2016.BluRay-[CineSubz.co]-1080p.mp4   <20240710-002704 1,919,022,253>
+ F:\- Movies\- Star Wars\12.Star.Wars.Episode.8.The.Last.Jedi.2017.Bluray-[CineSubz.co]-1080p.mp4   <20240711-045951 2,315,258,531>
+ F:\- Movies\- Star Wars\13.Solo A Star Wars Story 2018 BluRay-[CineSubz.co]-1080p.mp4   <20240711-034813 1,804,095,835>
+ F:\- Movies\- Star Wars\15.Star.Wars.Episode.9.The.Rise.Of.Skywalker.2019.Bluray-[CineSubz.co]-1080p.mp4   <20250117-095424 2,648,117,940>
+ F:\- Movies\- Star Wars\2.Star.Wars.Episode.5.The.Empire.Strikes.Back.1980.Bluray-[CineSubz.co]-1080p.mp4   <20240712-031921 1,837,801,101>
+ F:\- Movies\- Star Wars\3.Star.Wars.Episode.6.Return.of.the.Jedi.1983.Bluray-[CineSubz.co]-1080p.mp4   <20240712-034012 2,256,197,912>
+ F:\- Movies\- Star Wars\4.Star.Wars.Episode.I.The.Phantom.Menace.1999.BluRay-[CineSubz.co]-1080p.mp4   <20240711-050155 3,351,005,089>
+ F:\- Movies\- Star Wars\5.Star.Wars.Episode.2.Attack.of.the.Clones.2002.Bluray-[CineSubz.co]-1080p.mp4   <20240711-042624 2,000,744,439>
+ F:\- Movies\- Star Wars\7.Star.Wars.Episode.3.Revenge.of.the.Sith.2005.Bluray-[CineSubz.co]-1080p.mp4   <20240711-045030 2,184,042,462>
+ F:\- Movies\- Star Wars\Star Wars.PNG   <20240710-053050 584,426>
+ F:\- Movies\Later Best\   <20250427-142753>
+ F:\- Movies\Later Best\Badland Hunters (2024) Korean WEB-DL-[CineSubz.co]-1080p.mp4   <20240716-015110 2,611,800,406>
+ F:\- Movies\Later Best\Bunker.2022.WEBRip-[CineSubz.co]-1080p.mp4   <20240814-052105 2,520,014,470>
+ F:\- Movies\Later Best\IRUL (2021) www.Cinesubz.com]-720p.mp4   <20240606-034251 911,183,628>
+ F:\- Movies\Later Best\Joe (2023) Tamil WEB-DL-[CineSubz.co]-1080p.mp4   <20240806-033804 3,602,027,862>
+ F:\- Movies\Later Best\Kabhi Alvida Naa Kehna (2006) Hindi BRRip-[CineSubz.co]-720p.mp4   <20241104-020634 1,811,502,279>
+ F:\- Movies\Later Best\Kuch Kuch Hota Hai 1998 Hindi 720p BRRip CharmeLeon Silver RG-[CineSubz.com]-720p.mp4   <20241104-023108 2,171,487,765>
+ F:\- Movies\Later Best\Maan.Karate.2014.Tamil.HDRip-[CineSubz.co]-720p.mp4   <20241101-022921 1,460,118,464>
+ F:\- Movies\Later Best\Mohabbatein.2000.Hindi.BluRay-[CineSubz.co]-720p.mp4   <20240622-134025 2,597,324,510>
+ F:\- Movies\Later Best\Ried.On.2023 Chinese WEB-DL-[CineSubz.co]-1080p.mp4   <20241013-012244 2,310,419,876>
+ F:\- Movies\Later Best\The.Woman.in.Black.2.Angel.of.Death.2014.BluRay.1080p.5.1CH.x264.Ganool.com.mp4   <20240712-105917 1,026,393,856>
+ F:\- Movies\Later Best\Virundhu (2024) Tamil WEB-DL-[CineSubz.co]-1080p.mp4   <20241013-012846 3,058,868,882>
+ F:\- Movies\Later Best\Battle LA\   <20250221-172630>
+ F:\- Movies\Later Best\Battle LA\Battle Los Angeles [2011].srt   <20230530-035528 186,552>
+ F:\- Movies\Later Best\Battle LA\Battle.Los.Angeles.2011.720p.BluRay@BrabusGilers.mp4   <20230413-093434 786,321,501>
+ F:\- Movies\New folder\   <20260621-165059>
+ F:\- Movies\New folder\Deva (2025) Hindi WEB-DL-[CineSubz.co]-1080p.mp4   <20250401-025924 3,858,363,466>
+ F:\- Movies\New folder\Sankranthiki Vasthunam (2025) WEB-DL-[CineSubz.co]-1080p.mp4   <20250323-062328 3,402,600,089>

TotalRead  = 128,571 MiB
TotalWrite = 128,565 MiB
TotalFiles = 61 (5)
TotalTime  = 42:19
TransRate  = 53.1 MB/s
FileRate   = 0.02 files/s

Result : (ErrFiles : 4 / ErrDirs : 0) at 2026/06/30 23:00:09

