=================================================
FastCopy(ver5.11.3) start at 2026/06/30 21:52:17
<Source>  "G:\- Series\"; "G:\- Thaththa\"; G:\Malli\
<DestDir> F:\
<Command> Copy (Overwrite)
-------------------------------------------------
+ F:\- Series\   <20250422-155456>
+ F:\- Series\Sweat Home\   <20250215-122327>
+ F:\- Series\Sweat Home\Sweet.Home.2020.S01E04.WEBRip-[CineSubz.com]-720P.mp4   <20250207-041547 350,378,236>
+ F:\- Series\Sweat Home\Sweet.Home.2020.S01E04.WEBRip-[CineSubz.com]-720P_2.mp4   <20250207-041001 350,378,236>
+ F:\- Series\Sweat Home\Sweet.Home.2020.S01E04.WEBRip-[CineSubz.com]-720P_3.mp4   <20250207-041311 350,378,236>
+ F:\- Series\Sweat Home\Sweet.Home.2020.S01E04.WEBRip-[CineSubz.com]-720P_4.mp4   <20250207-041201 350,378,236>
+ F:\- Thaththa\   <20260626-135030>
+ F:\- Thaththa\Aavesham (2024) Malayalam WEB-DL-[CineSubz.co]-1080p.mp4   <20250307-013214 3,862,089,487>
+ F:\- Thaththa\Chup (2022) Hindi WEB-DL-[CineSubz.co]-1080p.mp4   <20260626-134640 1,813,056,592>
+ F:\- Thaththa\CineSubz.com - American.Sniper.2014.BluRay-1080p.mp4   <20241018-021940 2,502,187,538>
+ F:\- Thaththa\CineSubz.com - Taare Zameen Par 2007 Hindi 720p BRRip.mkv   <20260514-071458 1,873,200,554>
+ F:\- Thaththa\CineSubz.com - The.Battle.at.Lake.Changjin.2021.WEB-DL-720P.mp4   <20250324-041246 2,258,330,636>
+ F:\- Thaththa\Dhadak 2 (2025) Hindi WEB-DL-[CineSubz.co]-1080p.mp4   <20251002-020114 3,538,016,304>
+ F:\- Thaththa\Dude (2025)_u00a0Tamil WEB-DL-[CineSubz.co]-1080p.mp4   <20251120-010537 3,408,703,431>
+ F:\- Thaththa\Hacksaw.Ridge.2016.BRRip-720P [With Sinhala Sub - CineSubz.com] .mp4   <20230427-171450 1,225,814,951>
+ F:\- Thaththa\Laila Majnu (2018) Hindi WEB-DL 1080p.mp4   <20241024-224656 6,627,938,431>
+ F:\- Thaththa\Odum Kuthira Chaadum Kuthira (2025) Malayalam WEB-DL-[CineSubz.co]-1080p.mp4   <20251129-075904 3,766,952,801>
+ F:\- Thaththa\Premalu (2024) Malayalam WEB-DL-[CineSubz.co]-1080p.mp4   <20250307-013234 3,858,659,023>
+ F:\- Thaththa\Saiyaara (2025) Hindi WEB-DL-[CineSubz.co]-1080p.mp4   <20250915-054944 3,734,034,011>
+ F:\- Thaththa\The Sacrifice 2020 Chinese HC-HDRip-[CineSubz.co]-720p.mp4   <20250429-075546 1,314,982,830>
+ F:\- Thaththa\Train.to.Busan.2016.BluRay-[CineSubz.com]-1080P.mp4   <20251008-033350 2,494,155,220>
+ F:\- Thaththa\Hannibal\   <20260625-121056>
+ F:\- Thaththa\Hannibal\S01E01.mp4   <20260625-035155 721,646,957>
+ F:\- Thaththa\Hannibal\S01E02.mp4   <20260625-114318 452,458,295>
+ F:\Malli\   <20260206-151449>
+ F:\Malli\Big.Hero.6.2014.BluRay-1080P [With Sinhala Sub - CineSubz.com] .mp4   <20241109-002054 1,719,603,084>
+ F:\Malli\Home Alone 5 The Holiday Heist English DVDRip-[CineSubz.co]-720p.mp4   <20241211-005749 769,762,309>
+ F:\Malli\Home.Alone.4.Taking.Back.The.House.2002.WEBRip-[CineSubz.co]-1080p.mp4   <20241211-005309 2,187,229,641>
+ F:\Malli\- Transformers (8)\   <20250422-165442>
+ F:\Malli\- Transformers (8)\CineSubz.com - Transformers.2007. 720p.mp4   <20230806-223347 2,498,791,627>
+ F:\Malli\- Transformers (8)\CineSubz.com - Transformers.Age.of.Extinction.2014 -720p.mp4   <20230808-210804 1,650,869,590>
+ F:\Malli\- Transformers (8)\CineSubz.com - Transformers.Revenge.of.the.Fallen.IMAX.EDITION.2009.720p.BrRip.mkv   <20230807-055256 2,458,847,641>
+ F:\Malli\- Transformers (8)\Transformers Dark Of The Moon (2011) English BRRip 720p.mp4   <20230807-175004 2,024,117,114>
+ F:\Malli\- Transformers (8)\Transformers.One.2024.WEBRip-[CineSubz.co]-1080p.mp4   <20241025-011244 2,560,060,587>
+ F:\Malli\- Transformers (8)\Transformers.Rise.of.the.Beasts (2023) WEBRip-[CineSubz.co]-720p.mp4   <20230715-173610 1,634,062,499>

 No Errors

TotalRead  = 59,468 MiB
TotalWrite = 59,468 MiB
TotalFiles = 29 (6)
TotalTime  = 17:55
TransRate  = 58.0 MB/s
FileRate   = 0.03 files/s

Result : (ErrFiles : 0 / ErrDirs : 0) at 2026/06/30 22:10:12

