=================================================
FastCopy(ver5.11.3) start at 2026/06/30 20:52:07
<Source>  "G:\New folder (1)\"; "G:\New folder (2)\"; "G:\New folder (3)\"; "G:\New folder (4)\"; "G:\New folder (8)\"; "G:\Smart TV\"; G:\SpiderMan\
<DestDir> F:\
<Command> Copy (Overwrite)
-------------------------------------------------
+ F:\New folder (1)\   <20260620-115420>
+ F:\New folder (1)\CineSubz.com - Koode (2018)[Malayalam Orig 720p HQ DVDRip.mp4   <20250511-030351 1,111,292,155>
+ F:\New folder (1)\Daksha The Deadly Conspiracy (2025) Telugu WEB-DL-[CineSubz.co]-1080p.mp4   <20260523-072019 2,421,995,798>
+ F:\New folder (1)\Guruvayoorambala Nadayil (2024) Malayalam WEB-DL-[CineSubz.co]-1080p.mp4   <20250511-034508 3,287,608,987>
+ F:\New folder (1)\Holy Night Demon Hunters (2025) WEBRip-[CineSubz.co]-1080p.mp4   <20250717-213645 2,265,764,721>
+ F:\New folder (1)\Interrogation (2025) Hindi WEB-DL-[CineSubz.co]-1080p.mp4   <20250714-183006 2,158,967,545>
+ F:\New folder (1)\Oru Durooha Saahacharyathil (2026) Malayalam WEB-[CineSubz.co]-1080p.mp4   <20260523-070248 3,257,327,914>
+ F:\New folder (1)\Ronth (2025) Malayalam WEB-DL-[CineSubz.co]-1080p.mp4   <20250727-071048 3,019,096,098>
+ F:\New folder (1)\Sapthamashree Thaskaraha 2014 Malayalam DVDRip-720P [With Sinhala Sub - CineSubz.com] .mp4   <20250511-031304 1,278,652,809>
+ F:\New folder (2)\   <20260620-115108>
+ F:\New folder (2)\CineSubz.com - Abraham.Lincoln.Vampire.Hunter.2012.BrRip-1080P.mp4   <20250909-064622 2,279,241,935>
+ F:\New folder (2)\Flask (2025) Malayalam WEB-DL-[CineSubz.co]-1080p.mp4   <20250915-060746 2,879,980,332>
+ F:\New folder (2)\Hridayapoorvam (2025) Malayalam WEB-DL-[CineSubz.co]-1080p.mp4   <20251003-062724 3,759,512,979>
+ F:\New folder (2)\ID The Fake (2025) Malayalam WEB-DL-[CineSubz.co]-1080p.mp4   <20251002-064149 2,872,807,122>
+ F:\New folder (2)\Indra (2025) Tamil WEB-DL-[CineSubz.co]-1080p.mp4   <20251003-062811 3,135,216,598>
+ F:\New folder (2)\Mayaanadhi (2017) Malayalam -[CineSub.com]-720p.mp4   <20251206-070046 1,013,211,038>
+ F:\New folder (2)\Naam Shabana 2017 Hindi  HDRIp 790MB MovieClubFamily.mp4   <20250922-113954 1,018,726,004>
+ F:\New folder (2)\Primitive War (2025) English WEBRip-[CineSubz.co]-1080p.mp4   <20251010-015009 2,817,980,468>
+ F:\New folder (2)\Sumathi Valavu (2025) Malayalam WEB-DL-[CineSubz.co]-1080p.mp4   <20251004-064401 3,341,735,031>
+ F:\New folder (2)\Usiru (2025) Kannada_u00a0WEB-DL-[CineSubz.co]-1080p.mp4   <20251207-033711 3,264,501,682>
+ F:\New folder (2)\White Rose (2024) Tamil WEB-DL-[CineSubz.co]-1080p.mp4   <20251008-021816 2,842,436,094>
+ F:\New folder (2)\Xeno (2025) English WEBRip-[CineSubz.co]-1080p.mp4   <20251120-010524 2,564,679,683>
+ F:\New folder (3)\   <20260620-113815>
+ F:\New folder (3)\Anpodu Kanmani (2025) Mal WEB-DL-[CineSubz.co]-1080p.mp4   <20250903-073605 2,918,862,350>
+ F:\New folder (3)\CineSubz.com - Sivappu Manjal Pachai 2019 Tamil Proper HDRip-720P.mkv   <20250727-161144 1,831,920,577>
+ F:\New folder (3)\Constable (2025) Telugu WEB-[CineSubz.co]-1080p.mp4   <20260227-034207 3,032,745,625>
+ F:\New folder (3)\Janaki V vs State Of Kerala (2025) Malayalam WEB-DL-[CineSubz.co]-1080p.mp4   <20250821-070457 3,707,414,036>
+ F:\New folder (3)\Maargan (2025) Tamil WEB-DL-[CineSubz.co]-1080p.mp4   <20250729-161337 3,263,159,150>
+ F:\New folder (3)\Narivetta (2025) Malayalam WEB-DL-[CineSubz.co]-1080p.mp4   <20250716-130122 3,471,573,250>
+ F:\New folder (3)\Sarzameen (2025) Hindi WEB-DL-[CineSubz.co]-1080p.mp4   <20250729-161754 3,413,988,110>
+ F:\New folder (3)\Soothravakyam (2025) Malayalam WEB-DL-[CineSubz.co]-1080p.mp4   <20250830-075847 2,822,326,629>
+ F:\New folder (4)\   <20260628-220211>
+ F:\New folder (4)\Blast (2026) Tamil WEB-[CineSubz.co]-1080p.mp4   <20260627-020112 3,515,276,398>
+ F:\New folder (4)\M4M  Motive for Murder (2026) Telugu WEB-[CineSubz.co]-1080p.mp4   <20260628-064720 2,439,259,396>
+ F:\New folder (4)\Michael (2026) English WEB-[CineSubz.co]-1080p.mp4   <20260617-134011 3,081,296,152>
+ F:\New folder (4)\Peninsula.2020  [www.cinesubz.com] -1080p.mp4   <20260628-071046 2,026,247,759>
+ F:\New folder (4)\avatar the Last Airbender\   <20260628-220121>
+ F:\New folder (4)\avatar the Last Airbender\Avatar.The.Last.Airbender.S02E01.English.WEB-[CineSubz.co]-1080p.mp4   <20260627-010550 1,497,990,140>
+ F:\New folder (4)\avatar the Last Airbender\Avatar.The.Last.Airbender.S02E02.English.WEB-[CineSubz.co]-1080p.mp4   <20260627-011729 1,486,779,974>
+ F:\New folder (4)\avatar the Last Airbender\Avatar.The.Last.Airbender.S02E03.English.WEB-[CineSubz.co]-1080p.mp4   <20260627-014134 1,341,526,983>
+ F:\New folder (4)\avatar the Last Airbender\Avatar.The.Last.Airbender.S02E04.English.WEB-[CineSubz.co]-1080p.mp4   <20260627-013901 1,354,264,147>
+ F:\New folder (4)\avatar the Last Airbender\Avatar.The.Last.Airbender.S02E05.English.WEB-[CineSubz.co]-1080p.mp4   <20260627-014224 1,437,514,946>
+ F:\New folder (8)\   <20260628-220455>
+ F:\New folder (8)\CineSubz.com - Premam.2015.BRRip.720p.x264.Malayalam.mp4   <20250426-074346 1,600,105,070>
+ F:\New folder (8)\Fire (2025) Tamil WEB-DL-[CineSubz.co]-1080p.mp4   <20250524-005631 3,094,811,852>
+ F:\New folder (8)\I Am Legend (2007) BluRay-[CineSubz.co]-1080p.mp4   <20250511-030302 1,459,892,469>
+ F:\New folder (8)\Jana Nayagan (2026) Tamil Leak WEBRip-[CineSubz.co]-1080p.mp4   <20260419-020124 4,482,533,344>
+ F:\New folder (8)\Kalamkaval (2025) Malayalam WEB-[CineSubz.co]-1080p.mp4   <20260125-021422 3,266,194,387>
+ F:\New folder (8)\Kuberaa (2025) Tamil WEB-DL-[CineSubz.co]-1080p.mp4   <20250721-135157 4,191,237,672>
+ F:\New folder (8)\LIK Love Insurance Kompany (2026) Tamil WEB-[CineSubz.co]-1080p.mp4   <20260525-055424 3,844,147,067>
+ F:\New folder (8)\Maareesan (2025) Tamil WEB-DL-[CineSubz.co]-1080p.mp4   <20250829-075209 3,723,685,950>
+ F:\New folder (8)\Maranamass (2025) Malayalam WEB-DL-[CineSubz.co]-1080p.mp4   <20250524-010159 3,419,702,847>
+ F:\New folder (8)\Mardaani 3 (2026) Hindi WEB-[CineSubz.co]-1080p.mp4   <20260408-001422 3,130,238,118>
+ F:\New folder (8)\Mercy (2026) English WEB-[CineSubz.co]-1080p.mp4   <20260221-013459 2,355,090,089>
+ F:\New folder (8)\Mortal Kombat II (2026) English WEB-[CineSubz.co]-1080p.mp4   <20260610-001615 2,742,346,059>
+ F:\New folder (8)\Mr. X (2026) Tamil WEB-[CineSubz.co]-1080p.mp4   <20260525-064447 3,572,315,592>
+ F:\New folder (8)\Narivetta (2025) Malayalam WEB-DL-[CineSubz.co]-1080p.mp4   <20250716-130122 3,471,573,250>
+ F:\New folder (8)\No Parking (2025) Korean WEB-[CineSubz.co]-1080p.mp4   <20260406-012917 2,194,072,791>
+ F:\New folder (8)\Paathirathri (2025) Malayalam WEB-[CineSubz.co]-1080p.mp4   <20260227-034430 2,965,168,259>
+ F:\New folder (8)\Patriot (2026) Malayalam WEB-[CineSubz.co]-1080p.mp4   <20260609-022353 4,405,147,678>
+ F:\New folder (8)\Pravinkoodu Shappu (2025) WEB-[CineSubz.co]-1080p.mp4   <20250414-054903 3,596,623,104>
+ F:\New folder (8)\The Legend of Aang The Last Airbender (2026) English Leak-WEB-[CineSubz.co]-1080p.mp4   <20260419-014059 2,373,366,267>
+ F:\New folder (8)\The Punisher One Last Kill (2026) English WEB-[CineSubz.co]-1080p.mp4   <20260514-070513 1,085,882,475>
+ F:\New folder (8)\Thrash (2026) English WEB-[CineSubz.co]-1080p.mp4   <20260413-012938 1,995,915,032>
+ F:\New folder (8)\Tourist Family (2025) Tamil WEB-DL-[CineSubz.co]-1080p.mp4   <20260501-023424 3,035,932,931>
+ F:\New folder (8)\Valathu Vashathe Kallan (2026) Malayalam WEB-[CineSubz.co]-1080p.mp4   <20260408-001617 3,326,814,066>
+ F:\New folder (8)\War  Machine (2026) English WEB-[CineSubz.co]-1080p.mp4   <20260310-001946 2,523,258,532>
+ F:\New folder (8)\With Love (2026) Tamil WEB-[CineSubz.co]-1080p.mp4   <20260330-011321 3,374,063,325>
+ F:\New folder (8)\New folder\   <20260628-214232>
+ F:\New folder (8)\New folder\Drishyam 3 (2026) Malayalam WEB-[CineSubz.co]-1080p.mp4   <20260620-010136 3,812,038,141>
+ F:\New folder (8)\New folder\Mission Mangal (2019) Hindi Proper WEB-DL-[CineSubz.com]-720P.mp4   <20250727-071420 1,135,902,997>
+ F:\New folder (8)\New folder\Satyabhama (2024) Telugu WEB-DL - 1080p.mp4   <20250319-060155 3,554,309,326>
+ F:\New folder (8)\New folder\Veera Dheera Sooran (2025) Tamil WEB-[CineSubz.co]-1080p.mp4   <20260523-074307 4,061,306,679>
+ F:\New folder (8)\Spider Noir\   <20260628-213757>
+ F:\New folder (8)\Spider Noir\Spider.Noir.S01E08.COLOR.English.WEB-[CineSubz.co]-1080p.mp4   <20260604-005517 1,088,412,825>
+ F:\Smart TV\   <20240620-064708>
+ F:\Smart TV\TN\   <20260629-110126>
+ F:\Smart TV\TN\3New folder (4)3Blast (2026) Tamil WEB-[CineSubz.co]-1080p.mp4.254x254_i_1782576612.tn3   <20260629-110126 45,563>
+ F:\Smart TV\TN\INFO   <20260629-110056 127>
+ F:\SpiderMan\   <20260403-185405>
+ F:\SpiderMan\CineSubz.com -Spider.Man.2.2004.1080p.BluRay.mp4   <20260329-033431 2,863,737,168>
+ F:\SpiderMan\CineSubz.com -Spider.Man.2002.1080p.BluRay.mp4   <20260329-032832 3,025,204,361>
+ F:\SpiderMan\CineSubz.com -SpiderMan.3.2007.720p.BrRip.mp4   <20260329-030116 1,443,248,817>
+ F:\SpiderMan\CineSubz.com -The.Amazing.Spider.Man.2.2014.1080p.BluRay.mp4   <20260330-011147 2,918,243,660>
+ F:\SpiderMan\CineSubz.com -The.Amazing.Spiderman.2012.1080p.BrRip.mp4   <20260330-010150 2,056,077,950>

 No Errors

TotalRead  = 185,414 MiB
TotalWrite = 185,414 MiB
TotalFiles = 74 (11)
TotalTime  = 56:47
TransRate  = 57.1 MB/s
FileRate   = 0.02 files/s

Result : (ErrFiles : 0 / ErrDirs : 0) at 2026/06/30 21:48:54

