[General]
FirstMinTempSavedOn=46181

[HDR]
SKHynix_HFS512GEJ4X112N (488382 MB)_5YD4N039310105G2P=62004
Apacer AS2280P4 1TB (976756 MB)_2024082008002563=42222
TOSHIBA MQ01ABF050 (476937 MB)_X4RRCAI7T=1006
TOSHIBA MQ01ABD100 (953867 MB)_586UP2RYT=99186
TOSHIBA MQ01ABD100 (953867 MB)_673CWHLVT=1487
KINGSTON SV300S37A240G (228934 MB)_50026B7755096835=366
SanDisk SD8SN8U-256G-1006 (244191 MB)_172221801500=366
TOSHIBA MK5076GSXN (476937 MB)_316RD0VXB=73461
TOSHIBA MK5076GSXN (476937 MB)_SERIAL2=629

[HDW]
SKHynix_HFS512GEJ4X112N (488382 MB)_5YD4N039310105G2P=53686
Apacer AS2280P4 1TB (976756 MB)_2024082008002563=173832
TOSHIBA MQ01ABF050 (476937 MB)_X4RRCAI7T=16994
TOSHIBA MQ01ABD100 (953867 MB)_586UP2RYT=29380
TOSHIBA MQ01ABD100 (953867 MB)_673CWHLVT=34058
KINGSTON SV300S37A240G (228934 MB)_50026B7755096835=687
SanDisk SD8SN8U-256G-1006 (244191 MB)_172221801500=689
TOSHIBA MK5076GSXN (476937 MB)_316RD0VXB=16573
TOSHIBA MK5076GSXN (476937 MB)_SERIAL2=1810

[Sta_SKHynix_HFS512GEJ4X112N (488382 MB)_5YD4N039310105G2P]
46181=42,42.00,1,98,0,14518562
MaxTempEverC=68
MaxTempEverCFound=46204.00071,7/1/2026 12:01:01 AM
MinTempEverC=27
MinTempEverCFound=46182.49025,6/9/2026 11:45:57 AM
MaxTempByDriveC=68
Dates=46181,46182,46189,46198,46201,46202,46203,46204,46205
46182=44,35.90,5,98,32,14519812
46189=47,47.00,1,98,0,14554601
46198=66,54.04,22,98,39,15063374
46201=54,52.33,2,98,51,15140211
46202=51,49.42,3,98,49,15203175
46203=67,65.42,3,98,66,15233198
46204=68,67.75,4,98,67,15233231
46205=42,42.00,1,98,0,15504339

[Sta_Apacer AS2280P4 1TB (976756 MB)_2024082008002563]
46181=41,41.00,1,100,0,5600634
MaxTempEverC=46
MaxTempEverCFound=46203.99566,6/30/2026 11:53:45 PM
MinTempEverC=31
MinTempEverCFound=46182.49025,6/9/2026 11:45:57 AM
MaxTempByDriveC=46
Dates=46181,46182,46189,46198,46201,46202,46203,46204,46205
46182=41,38.40,5,100,40,5600679
46189=42,42.00,1,100,0,5766699
46198=45,42.40,22,100,40,6022338
46201=45,44.56,2,100,42,6049918
46202=42,42.00,3,100,42,6105061
46203=46,45.42,3,100,45,6145938
46204=46,45.25,4,100,45,6145939
46205=40,40.00,1,100,0,6146622

[CurrentDrives]
DriveList=#0: SKHynix_HFS512GEJ4X112N {51040C31} / 5YD4N039310105G2P (488382 MB)	#1: Apacer AS2280P4 1TB {SN10726} / 2024082008002563 (976756 MB)	#2: TOSHIBA MQ01ABF050 {AM0P1A} / X4RRCAI7T (476937 MB)

[Sta_TOSHIBA MQ01ABF050 (476937 MB)_X4RRCAI7T]
46189=34,34.00,1,95,0,-1
MaxTempEverC=51
MaxTempEverCFound=46201.91600,6/28/2026 9:59:02 PM
MinTempEverC=30
MinTempEverCFound=46198.09721,6/25/2026 2:19:58 AM
MaxTempByDriveC=58
Dates=46189,46198,46201,46205
46198=30,30.00,1,95,0,-1
46201=51,50.56,1,95,33,-1
46205=36,36.00,1,95,0,-1

[Sta_TOSHIBA MQ01ABD100 (953867 MB)_586UP2RYT]
46198=41,36.99,60,100,30,-1
MaxTempEverC=46
MaxTempEverCFound=46201.91950,6/28/2026 10:04:04 PM
MinTempEverC=30
MinTempEverCFound=46198.36381,6/25/2026 8:43:53 AM
MaxTempByDriveC=59
Dates=46198,46201,46202
46201=46,45.16,2,100,31,-1
46202=36,36.00,1,100,0,-1

[Sta_TOSHIBA MQ01ABD100 (953867 MB)_673CWHLVT]
46198=31,30.84,2,100,30,-1
MaxTempEverC=39
MaxTempEverCFound=46203.99567,6/30/2026 11:53:45 PM
MinTempEverC=30
MinTempEverCFound=46198.09523,6/25/2026 2:17:07 AM
MaxTempByDriveC=49
Dates=46198,46203,46204
46203=39,38.33,3,100,37,-1
46204=39,38.25,4,100,38,-1

[Sta_KINGSTON SV300S37A240G (228934 MB)_50026B7755096835]
46198=32,36.92,1,90,0,485376
MaxTempEverC=32
MaxTempEverCFound=46198.49864,6/25/2026 11:58:02 AM
MinTempEverC=32
MinTempEverCFound=46198.49864,6/25/2026 11:58:02 AM
MaxTempByDriveC=54
Dates=46198

[Sta_SanDisk SD8SN8U-256G-1006 (244191 MB)_172221801500]
46198=33,32.01,1,95,0,16905264
MaxTempEverC=33
MaxTempEverCFound=46198.50053,6/25/2026 12:00:45 PM
MinTempEverC=33
MinTempEverCFound=46198.50053,6/25/2026 12:00:45 PM
MaxTempByDriveC=65
Dates=46198

[Sta_TOSHIBA MK5076GSXN (476937 MB)_316RD0VXB]
46198=40,36.75,8,14,31,-1
MaxTempEverC=54
MaxTempEverCFound=46201.91950,6/28/2026 10:04:04 PM
MinTempEverC=31
MinTempEverCFound=46198.50607,6/25/2026 12:08:44 PM
MaxTempByDriveC=54
Dates=46198,46201,46203,46204
46201=54,52.62,2,14,36,-1
46203=40,38.50,3,11,38,-1
46204=38,37.50,4,11,37,-1

[Sta_TOSHIBA MK5076GSXN (476937 MB)_SERIAL2]
46198=40,36.75,1,-1,0,-1
MaxTempEverC=40
MaxTempEverCFound=46198.52791,6/25/2026 12:40:11 PM
MinTempEverC=31
MinTempEverCFound=46198.50607,6/25/2026 12:08:44 PM
MaxTempByDriveC=54
Dates=46198

[Sta_SanDisk SD9SN8W512G1102 (488382 MB)_184464420978]
46202=39,34.00,2,99,29,6395904
MaxTempEverC=39
MaxTempEverCFound=46202.91084,6/29/2026 9:51:36 PM
MinTempEverC=29
MinTempEverCFound=46202.90733,6/29/2026 9:46:33 PM
MaxTempByDriveC=76
Dates=46202

